<?xml version="1.0" encoding="utf-8"?><testsuites name="pytest tests"><testsuite name="pytest" errors="0" failures="0" skipped="0" tests="10" time="1.612" timestamp="2026-04-28T20:14:26.464227+00:00" hostname="agent-env-3e7e3c54-7e6d-4aa2-8d7e-0dc129380c63"><testcase classname="backend.tests.test_iteration4_regression.TestAutoCreateUserProfile" name="test_get_dev_bypass_user_returns_200" time="0.004" /><testcase classname="backend.tests.test_iteration4_regression.TestAutoCreateUserProfile" name="test_get_brand_new_user_auto_creates" time="0.008" /><testcase classname="backend.tests.test_iteration4_regression.TestAutoCreateUserProfile" name="test_public_url_user_auto_create" time="0.173" /><testcase classname="backend.tests.test_iteration4_regression.TestAiEndpoints" name="test_polish_story_route_exists" time="0.002" /><testcase classname="backend.tests.test_iteration4_regression.TestAiEndpoints" name="test_problem_hint_route_exists" time="0.002" /><testcase classname="backend.tests.test_iteration4_regression.TestAiEndpoints" name="test_bio_rewrite_route_exists" time="1.346" /><testcase classname="backend.tests.test_iteration4_regression.TestRegression" name="test_jobs_still_12" time="0.005" /><testcase classname="backend.tests.test_iteration4_regression.TestRegression" name="test_posts_present" time="0.004" /><testcase classname="backend.tests.test_iteration4_regression.TestRegression" name="test_interviews_list" time="0.004" /><testcase classname="backend.tests.test_iteration4_regression.TestRegression" name="test_dsa_companies" time="0.002" /></testsuite></testsuites>