<?xml version="1.0" encoding="utf-8"?><testsuites name="pytest tests"><testsuite name="pytest" errors="0" failures="0" skipped="0" tests="8" time="0.106" timestamp="2026-04-28T19:56:01.678299+00:00" hostname="agent-env-3e7e3c54-7e6d-4aa2-8d7e-0dc129380c63"><testcase classname="backend.tests.test_iteration3_regression.TestRegression" name="test_jobs_count_is_12" time="0.007" /><testcase classname="backend.tests.test_iteration3_regression.TestRegression" name="test_posts_at_least_4" time="0.004" /><testcase classname="backend.tests.test_iteration3_regression.TestRegression" name="test_dsa_companies" time="0.002" /><testcase classname="backend.tests.test_iteration3_regression.TestRegression" name="test_interviews_list_has_three_demo_entries" time="0.005" /><testcase classname="backend.tests.test_iteration3_regression.TestUpvoteCorsFix" name="test_cors_preflight_internal_preview" time="0.002" /><testcase classname="backend.tests.test_iteration3_regression.TestUpvoteCorsFix" name="test_cors_preflight_external_preview" time="0.001" /><testcase classname="backend.tests.test_iteration3_regression.TestUpvoteCorsFix" name="test_post_upvote_increments" time="0.014" /><testcase classname="backend.tests.test_iteration3_regression.TestUpvoteCorsFix" name="test_cors_blocks_unknown_origin" time="0.002" /></testsuite></testsuites>