<?xml version="1.0" encoding="utf-8"?><testsuites name="pytest tests"><testsuite name="pytest" errors="0" failures="0" skipped="0" tests="13" time="0.780" timestamp="2026-04-28T19:47:32.081060+00:00" hostname="agent-env-3e7e3c54-7e6d-4aa2-8d7e-0dc129380c63"><testcase classname="backend.tests.test_new_endpoints.TestDsaCompanies" name="test_list_companies" time="0.184" /><testcase classname="backend.tests.test_new_endpoints.TestDsaCompanies" name="test_company_detail_google" time="0.028" /><testcase classname="backend.tests.test_new_endpoints.TestDsaCompanies" name="test_company_detail_404" time="0.030" /><testcase classname="backend.tests.test_new_endpoints.TestInterviewExperiences" name="test_list_default" time="0.031" /><testcase classname="backend.tests.test_new_endpoints.TestInterviewExperiences" name="test_sort_upvotes_desc" time="0.033" /><testcase classname="backend.tests.test_new_endpoints.TestInterviewExperiences" name="test_sort_recent" time="0.033" /><testcase classname="backend.tests.test_new_endpoints.TestInterviewExperiences" name="test_filter_by_company_amazon" time="0.034" /><testcase classname="backend.tests.test_new_endpoints.TestInterviewExperiences" name="test_filter_by_difficulty_hard" time="0.031" /><testcase classname="backend.tests.test_new_endpoints.TestInterviewExperiences" name="test_companies_aggregate" time="0.030" /><testcase classname="backend.tests.test_new_endpoints.TestInterviewExperiences" name="test_post_missing_fields" time="0.039" /><testcase classname="backend.tests.test_new_endpoints.TestInterviewExperiences" name="test_post_create_and_upvote" time="0.157" /><testcase classname="backend.tests.test_new_endpoints.TestRegression" name="test_jobs_still_12" time="0.033" /><testcase classname="backend.tests.test_new_endpoints.TestRegression" name="test_posts_still_present" time="0.032" /></testsuite></testsuites>