<?xml version="1.0" encoding="utf-8"?><testsuites name="pytest tests"><testsuite name="pytest" errors="0" failures="0" skipped="0" tests="10" time="0.599" timestamp="2026-04-28T19:27:15.162837+00:00" hostname="agent-env-3e7e3c54-7e6d-4aa2-8d7e-0dc129380c63"><testcase classname="backend.tests.backend_test.TestHealth" name="test_health" time="0.003" /><testcase classname="backend.tests.backend_test.TestJobs" name="test_jobs_list_shape" time="0.168" /><testcase classname="backend.tests.backend_test.TestJobs" name="test_jobs_contains_seeded_companies" time="0.038" /><testcase classname="backend.tests.backend_test.TestJobs" name="test_jobs_idempotent_total_stays_12" time="0.079" /><testcase classname="backend.tests.backend_test.TestPosts" name="test_posts_list" time="0.038" /><testcase classname="backend.tests.backend_test.TestPosts" name="test_posts_have_required_fields" time="0.039" /><testcase classname="backend.tests.backend_test.TestOtherEndpoints" name="test_optional_endpoint_responds[/api/oss/projects]" time="0.047" /><testcase classname="backend.tests.backend_test.TestOtherEndpoints" name="test_optional_endpoint_responds[/api/gsoc/orgs]" time="0.047" /><testcase classname="backend.tests.backend_test.TestOtherEndpoints" name="test_optional_endpoint_responds[/api/education/courses]" time="0.036" /><testcase classname="backend.tests.backend_test.TestOtherEndpoints" name="test_optional_endpoint_responds[/api/interview/questions]" time="0.039" /></testsuite></testsuites>